0 info it worked if it ends with ok
1 verbose cli [ '/usr/bin/nodejs',
1 verbose cli   '/usr/bin/npm',
1 verbose cli   'install',
1 verbose cli   'ngCart',
1 verbose cli   '--save' ]
2 info using npm@3.5.2
3 info using node@v4.2.6
4 silly loadCurrentTree Starting
5 silly install loadCurrentTree
6 silly install readLocalPackageData
7 silly fetchPackageMetaData ngCart
8 silly fetchNamedPackageData ngCart
9 silly mapToRegistry name ngCart
10 silly mapToRegistry using default registry
11 silly mapToRegistry registry https://registry.npmjs.org/
12 silly mapToRegistry uri https://registry.npmjs.org/ngCart
13 verbose request uri https://registry.npmjs.org/ngCart
14 verbose request no auth needed
15 info attempt registry request try #1 at 15:21:10
16 verbose request id ab528bc395f49f2b
17 http request GET https://registry.npmjs.org/ngCart
18 http 200 https://registry.npmjs.org/ngCart
19 verbose headers { 'content-type': 'application/json; charset=UTF-8',
19 verbose headers   server: 'UploadServer',
19 verbose headers   'cache-control': 'max-age=300',
19 verbose headers   'last-modified': 'Fri, 8 Apr 2016 19:42:02 GMT',
19 verbose headers   etag: '"5708098a-18fe"',
19 verbose headers   'content-encoding': 'gzip',
19 verbose headers   'content-length': '2800',
19 verbose headers   'accept-ranges': 'bytes',
19 verbose headers   date: 'Sat, 16 Dec 2017 14:21:10 GMT',
19 verbose headers   via: '1.1 varnish',
19 verbose headers   age: '0',
19 verbose headers   connection: 'keep-alive',
19 verbose headers   'x-served-by': 'cache-cdg8732-CDG',
19 verbose headers   'x-cache': 'MISS',
19 verbose headers   'x-cache-hits': '0',
19 verbose headers   'x-timer': 'S1513434071.797090,VS0,VE182',
19 verbose headers   vary: 'Accept-Encoding, Accept' }
20 silly get cb [ 200,
20 silly get   { 'content-type': 'application/json; charset=UTF-8',
20 silly get     server: 'UploadServer',
20 silly get     'cache-control': 'max-age=300',
20 silly get     'last-modified': 'Fri, 8 Apr 2016 19:42:02 GMT',
20 silly get     etag: '"5708098a-18fe"',
20 silly get     'content-encoding': 'gzip',
20 silly get     'content-length': '2800',
20 silly get     'accept-ranges': 'bytes',
20 silly get     date: 'Sat, 16 Dec 2017 14:21:10 GMT',
20 silly get     via: '1.1 varnish',
20 silly get     age: '0',
20 silly get     connection: 'keep-alive',
20 silly get     'x-served-by': 'cache-cdg8732-CDG',
20 silly get     'x-cache': 'MISS',
20 silly get     'x-cache-hits': '0',
20 silly get     'x-timer': 'S1513434071.797090,VS0,VE182',
20 silly get     vary: 'Accept-Encoding, Accept' } ]
21 verbose get saving ngCart to /home/pradier/.npm/registry.npmjs.org/ngCart/.cache.json
22 silly install normalizeTree
23 silly loadCurrentTree Finishing
24 silly loadIdealTree Starting
25 silly install loadIdealTree
26 silly cloneCurrentTree Starting
27 silly install cloneCurrentTreeToIdealTree
28 silly cloneCurrentTree Finishing
29 silly loadShrinkwrap Starting
30 silly install loadShrinkwrap
31 silly loadShrinkwrap Finishing
32 silly loadAllDepsIntoIdealTree Starting
33 silly install loadAllDepsIntoIdealTree
34 silly resolveWithNewModule ngCart@1.0.0 checking installable status
35 silly cache add args [ 'ngCart', null ]
36 verbose cache add spec ngCart
37 silly cache add parsed spec Result {
37 silly cache add   raw: 'ngCart',
37 silly cache add   scope: null,
37 silly cache add   name: 'ngCart',
37 silly cache add   rawSpec: '',
37 silly cache add   spec: 'latest',
37 silly cache add   type: 'tag' }
38 silly addNamed ngCart@latest
39 verbose addNamed "latest" is being treated as a dist-tag for ngCart
40 info addNameTag [ 'ngCart', 'latest' ]
41 silly mapToRegistry name ngCart
42 silly mapToRegistry using default registry
43 silly mapToRegistry registry https://registry.npmjs.org/
44 silly mapToRegistry uri https://registry.npmjs.org/ngCart
45 verbose addNameTag registry:https://registry.npmjs.org/ngCart not in flight; fetching
46 verbose get https://registry.npmjs.org/ngCart not expired, no request
47 silly addNameTag next cb for ngCart with tag latest
48 silly addNamed ngCart@1.0.0
49 verbose addNamed "1.0.0" is a plain semver version for ngCart
50 silly mapToRegistry name ngCart
51 silly mapToRegistry using default registry
52 silly mapToRegistry registry https://registry.npmjs.org/
53 silly mapToRegistry uri https://registry.npmjs.org/ngCart
54 verbose addRemoteTarball https://registry.npmjs.org/ngCart/-/ngCart-1.0.0.tgz not in flight; adding
55 verbose addRemoteTarball [ 'https://registry.npmjs.org/ngCart/-/ngCart-1.0.0.tgz',
55 verbose addRemoteTarball   '9aebf7108bff48403bb4d16e199f08c62e4bffef' ]
56 info retry fetch attempt 1 at 15:21:11
57 info attempt registry request try #1 at 15:21:11
58 http fetch GET https://registry.npmjs.org/ngCart/-/ngCart-1.0.0.tgz
59 http fetch 200 https://registry.npmjs.org/ngCart/-/ngCart-1.0.0.tgz
60 silly fetchAndShaCheck shasum 9aebf7108bff48403bb4d16e199f08c62e4bffef
61 verbose addTmpTarball /tmp/npm-17079-30389abc/registry.npmjs.org/ngCart/-/ngCart-1.0.0.tgz not in flight; adding
62 verbose addTmpTarball already have metadata; skipping unpack for ngCart@1.0.0
63 silly cache afterAdd ngCart@1.0.0
64 verbose afterAdd /home/pradier/.npm/ngCart/1.0.0/package/package.json not in flight; writing
65 verbose afterAdd /home/pradier/.npm/ngCart/1.0.0/package/package.json written
66 silly loadAllDepsIntoIdealTree Finishing
67 silly idealTree:prePrune shopping_front@1.0.0
67 silly idealTree:prePrune ├── angular-animate@1.6.7
67 silly idealTree:prePrune ├── angular-aria@1.6.7
67 silly idealTree:prePrune ├── angular-material@1.1.5
67 silly idealTree:prePrune ├── angular-messages@1.6.7
67 silly idealTree:prePrune ├── angular-ui-router@0.4.3
67 silly idealTree:prePrune ├── angular@1.6.7
67 silly idealTree:prePrune └── ngCart@1.0.0
68 silly loadIdealTree Finishing
69 silly currentTree shopping_front@1.0.0
69 silly currentTree ├── angular-animate@1.6.7
69 silly currentTree ├── angular-aria@1.6.7
69 silly currentTree ├── angular-material@1.1.5
69 silly currentTree ├── angular-messages@1.6.7
69 silly currentTree ├── angular-ui-router@0.4.3
69 silly currentTree └── angular@1.6.7
70 silly idealTree shopping_front@1.0.0
70 silly idealTree ├── angular-animate@1.6.7
70 silly idealTree ├── angular-aria@1.6.7
70 silly idealTree ├── angular-material@1.1.5
70 silly idealTree ├── angular-messages@1.6.7
70 silly idealTree ├── angular-ui-router@0.4.3
70 silly idealTree ├── angular@1.6.7
70 silly idealTree └── ngCart@1.0.0
71 silly generateActionsToTake Starting
72 silly install generateActionsToTake
73 silly generateActionsToTake Finishing
74 silly diffTrees action count 2
75 silly diffTrees update angular-messages@1.6.7
76 silly diffTrees add ngCart@1.0.0
77 silly decomposeActions action count 16
78 silly decomposeActions fetch angular-messages@1.6.7
79 silly decomposeActions extract angular-messages@1.6.7
80 silly decomposeActions test angular-messages@1.6.7
81 silly decomposeActions preinstall angular-messages@1.6.7
82 silly decomposeActions build angular-messages@1.6.7
83 silly decomposeActions install angular-messages@1.6.7
84 silly decomposeActions postinstall angular-messages@1.6.7
85 silly decomposeActions finalize angular-messages@1.6.7
86 silly decomposeActions fetch ngCart@1.0.0
87 silly decomposeActions extract ngCart@1.0.0
88 silly decomposeActions test ngCart@1.0.0
89 silly decomposeActions preinstall ngCart@1.0.0
90 silly decomposeActions build ngCart@1.0.0
91 silly decomposeActions install ngCart@1.0.0
92 silly decomposeActions postinstall ngCart@1.0.0
93 silly decomposeActions finalize ngCart@1.0.0
94 silly executeActions Starting
95 silly install executeActions
96 silly doSerial global-install 0
97 silly doParallel fetch 2
98 verbose lock using /home/pradier/.npm/_locks/staging-c260b1ae8537760d.lock for /home/pradier/Bureau/shopping_application-master/shopping_app1/front/node_modules/.staging
99 silly doParallel extract 2
100 silly extract angular-messages@1.6.7
101 silly extract ngCart@1.0.0
102 verbose unbuild node_modules/.staging/ngCart-7378fc08
103 silly gentlyRm /home/pradier/Bureau/shopping_application-master/shopping_app1/front/node_modules/.staging/ngCart-7378fc08 is being purged from base /home/pradier/Bureau/shopping_application-master/shopping_app1/front
104 verbose gentlyRm don't care about contents; nuking /home/pradier/Bureau/shopping_application-master/shopping_app1/front/node_modules/.staging/ngCart-7378fc08
105 verbose tar unpack /home/pradier/.npm/ngCart/1.0.0/package.tgz
106 verbose tar unpacking to /home/pradier/Bureau/shopping_application-master/shopping_app1/front/node_modules/.staging/ngCart-7378fc08
107 silly gentlyRm /home/pradier/Bureau/shopping_application-master/shopping_app1/front/node_modules/.staging/ngCart-7378fc08 is being purged
108 verbose gentlyRm don't care about contents; nuking /home/pradier/Bureau/shopping_application-master/shopping_app1/front/node_modules/.staging/ngCart-7378fc08
109 silly gunzTarPerm modes [ '775', '664' ]
110 silly gunzTarPerm extractEntry package.json
111 silly gunzTarPerm modified mode [ 'package.json', 420, 436 ]
112 silly gunzTarPerm extractEntry .npmignore
113 silly gunzTarPerm modified mode [ '.npmignore', 420, 436 ]
114 silly gunzTarPerm extractEntry README.md
115 silly gunzTarPerm modified mode [ 'README.md', 420, 436 ]
116 silly gunzTarPerm extractEntry Gruntfile.js
117 silly gunzTarPerm modified mode [ 'Gruntfile.js', 420, 436 ]
118 verbose unbuild node_modules/.staging/angular-messages-c79fb612
119 silly gentlyRm /home/pradier/Bureau/shopping_application-master/shopping_app1/front/node_modules/.staging/angular-messages-c79fb612 is being purged from base /home/pradier/Bureau/shopping_application-master/shopping_app1/front
120 verbose gentlyRm don't care about contents; nuking /home/pradier/Bureau/shopping_application-master/shopping_app1/front/node_modules/.staging/angular-messages-c79fb612
121 verbose tar unpack /home/pradier/.npm/angular-messages/1.6.7/package.tgz
122 verbose tar unpacking to /home/pradier/Bureau/shopping_application-master/shopping_app1/front/node_modules/.staging/angular-messages-c79fb612
123 silly gentlyRm /home/pradier/Bureau/shopping_application-master/shopping_app1/front/node_modules/.staging/angular-messages-c79fb612 is being purged
124 verbose gentlyRm don't care about contents; nuking /home/pradier/Bureau/shopping_application-master/shopping_app1/front/node_modules/.staging/angular-messages-c79fb612
125 silly gunzTarPerm modes [ '775', '664' ]
126 silly gunzTarPerm extractEntry karma.conf.js
127 silly gunzTarPerm modified mode [ 'karma.conf.js', 420, 436 ]
128 silly gunzTarPerm extractEntry .travis.yml
129 silly gunzTarPerm modified mode [ '.travis.yml', 420, 436 ]
130 silly gunzTarPerm extractEntry bower.json
131 silly gunzTarPerm modified mode [ 'bower.json', 420, 436 ]
132 silly gunzTarPerm extractEntry dist/ngCart.js
133 silly gunzTarPerm modified mode [ 'dist/ngCart.js', 420, 436 ]
134 silly gunzTarPerm extractEntry dist/ngCart.min.js
135 silly gunzTarPerm modified mode [ 'dist/ngCart.min.js', 420, 436 ]
136 silly gunzTarPerm extractEntry src/ngCart.directives.js
137 silly gunzTarPerm modified mode [ 'src/ngCart.directives.js', 420, 436 ]
138 silly gunzTarPerm extractEntry src/ngCart.directives_test.js
139 silly gunzTarPerm modified mode [ 'src/ngCart.directives_test.js', 420, 436 ]
140 silly gunzTarPerm extractEntry src/ngCart.fulfilment.js
141 silly gunzTarPerm modified mode [ 'src/ngCart.fulfilment.js', 420, 436 ]
142 silly gunzTarPerm extractEntry package.json
143 silly gunzTarPerm modified mode [ 'package.json', 420, 436 ]
144 silly gunzTarPerm extractEntry README.md
145 silly gunzTarPerm modified mode [ 'README.md', 420, 436 ]
146 silly gunzTarPerm extractEntry angular-messages.js
147 silly gunzTarPerm modified mode [ 'angular-messages.js', 420, 436 ]
148 silly gunzTarPerm extractEntry src/ngCart.js
149 silly gunzTarPerm modified mode [ 'src/ngCart.js', 420, 436 ]
150 silly gunzTarPerm extractEntry src/ngCart_test.js
151 silly gunzTarPerm modified mode [ 'src/ngCart_test.js', 420, 436 ]
152 silly gunzTarPerm extractEntry angular-messages.min.js
153 silly gunzTarPerm modified mode [ 'angular-messages.min.js', 420, 436 ]
154 silly gunzTarPerm extractEntry template/ngCart/addtocart.html
155 silly gunzTarPerm modified mode [ 'template/ngCart/addtocart.html', 420, 436 ]
156 silly gunzTarPerm extractEntry template/ngCart/cart.html
157 silly gunzTarPerm modified mode [ 'template/ngCart/cart.html', 420, 436 ]
158 silly gunzTarPerm extractEntry index.js
159 silly gunzTarPerm modified mode [ 'index.js', 420, 436 ]
160 silly gunzTarPerm extractEntry LICENSE.md
161 silly gunzTarPerm modified mode [ 'LICENSE.md', 420, 436 ]
162 silly gunzTarPerm extractEntry angular-messages.min.js.map
163 silly gunzTarPerm modified mode [ 'angular-messages.min.js.map', 420, 436 ]
164 silly gunzTarPerm extractEntry bower.json
165 silly gunzTarPerm modified mode [ 'bower.json', 420, 436 ]
166 silly gunzTarPerm extractEntry template/ngCart/checkout.html
167 silly gunzTarPerm modified mode [ 'template/ngCart/checkout.html', 420, 436 ]
168 silly gunzTarPerm extractEntry template/ngCart/summary.html
169 silly gunzTarPerm modified mode [ 'template/ngCart/summary.html', 420, 436 ]
170 silly gentlyRm /home/pradier/Bureau/shopping_application-master/shopping_app1/front/node_modules/.staging/angular-messages-c79fb612/node_modules is being purged
171 verbose gentlyRm don't care about contents; nuking /home/pradier/Bureau/shopping_application-master/shopping_app1/front/node_modules/.staging/angular-messages-c79fb612/node_modules
172 silly gentlyRm /home/pradier/Bureau/shopping_application-master/shopping_app1/front/node_modules/.staging/ngCart-7378fc08/node_modules is being purged
173 verbose gentlyRm don't care about contents; nuking /home/pradier/Bureau/shopping_application-master/shopping_app1/front/node_modules/.staging/ngCart-7378fc08/node_modules
174 silly doParallel preinstall 2
175 silly preinstall angular-messages@1.6.7 /home/pradier/Bureau/shopping_application-master/shopping_app1/front/node_modules/.staging/angular-messages-c79fb612
176 info lifecycle angular-messages@1.6.7~preinstall: angular-messages@1.6.7
177 silly preinstall ngCart@1.0.0 /home/pradier/Bureau/shopping_application-master/shopping_app1/front/node_modules/.staging/ngCart-7378fc08
178 info lifecycle ngCart@1.0.0~preinstall: ngCart@1.0.0
179 silly lifecycle angular-messages@1.6.7~preinstall: no script for preinstall, continuing
180 silly lifecycle ngCart@1.0.0~preinstall: no script for preinstall, continuing
181 silly doReverseSerial remove 0
182 silly doSerial move 0
183 silly doSerial finalize 2
184 silly finalize /home/pradier/Bureau/shopping_application-master/shopping_app1/front/node_modules/angular-messages
185 silly finalize /home/pradier/Bureau/shopping_application-master/shopping_app1/front/node_modules/ngCart
186 silly doSerial build 2
187 silly build angular-messages@1.6.7
188 info linkStuff angular-messages@1.6.7
189 silly linkStuff angular-messages@1.6.7 has /home/pradier/Bureau/shopping_application-master/shopping_app1/front/node_modules as its parent node_modules
190 verbose linkBins angular-messages@1.6.7
191 verbose linkMans angular-messages@1.6.7
192 silly build ngCart@1.0.0
193 info linkStuff ngCart@1.0.0
194 silly linkStuff ngCart@1.0.0 has /home/pradier/Bureau/shopping_application-master/shopping_app1/front/node_modules as its parent node_modules
195 verbose linkBins ngCart@1.0.0
196 verbose linkMans ngCart@1.0.0
197 silly doSerial global-link 0
198 silly doParallel update-linked 0
199 silly doSerial install 2
200 silly install angular-messages@1.6.7 /home/pradier/Bureau/shopping_application-master/shopping_app1/front/node_modules/.staging/angular-messages-c79fb612
201 info lifecycle angular-messages@1.6.7~install: angular-messages@1.6.7
202 silly lifecycle angular-messages@1.6.7~install: no script for install, continuing
203 silly install ngCart@1.0.0 /home/pradier/Bureau/shopping_application-master/shopping_app1/front/node_modules/.staging/ngCart-7378fc08
204 info lifecycle ngCart@1.0.0~install: ngCart@1.0.0
205 silly lifecycle ngCart@1.0.0~install: no script for install, continuing
206 silly doSerial postinstall 2
207 silly postinstall angular-messages@1.6.7 /home/pradier/Bureau/shopping_application-master/shopping_app1/front/node_modules/.staging/angular-messages-c79fb612
208 info lifecycle angular-messages@1.6.7~postinstall: angular-messages@1.6.7
209 silly lifecycle angular-messages@1.6.7~postinstall: no script for postinstall, continuing
210 silly postinstall ngCart@1.0.0 /home/pradier/Bureau/shopping_application-master/shopping_app1/front/node_modules/.staging/ngCart-7378fc08
211 info lifecycle ngCart@1.0.0~postinstall: ngCart@1.0.0
212 verbose lifecycle ngCart@1.0.0~postinstall: unsafe-perm in lifecycle true
213 verbose lifecycle ngCart@1.0.0~postinstall: PATH: /usr/share/npm/bin/node-gyp-bin:/home/pradier/Bureau/shopping_application-master/shopping_app1/front/node_modules/ngCart/node_modules/.bin:/home/pradier/Bureau/shopping_application-master/shopping_app1/front/node_modules/.bin:/home/pradier/bin:/home/pradier/.local/bin:/usr/local/sbin:/usr/local/bin:/usr/sbin:/usr/bin:/sbin:/bin:/usr/games:/usr/local/games
214 verbose lifecycle ngCart@1.0.0~postinstall: CWD: /home/pradier/Bureau/shopping_application-master/shopping_app1/front/node_modules/ngCart
215 silly lifecycle ngCart@1.0.0~postinstall: Args: [ '-c', 'bower install' ]
216 info lifecycle ngCart@1.0.0~postinstall: Failed to exec postinstall script
217 verbose unlock done using /home/pradier/.npm/_locks/staging-c260b1ae8537760d.lock for /home/pradier/Bureau/shopping_application-master/shopping_app1/front/node_modules/.staging
218 silly rollbackFailedOptional Starting
219 silly rollbackFailedOptional Finishing
220 silly runTopLevelLifecycles Starting
221 silly runTopLevelLifecycles Finishing
222 silly install printInstalled
223 warn shopping_front@1.0.0 No description
224 warn shopping_front@1.0.0 No repository field.
225 verbose stack Error: ngCart@1.0.0 postinstall: `bower install`
225 verbose stack spawn ENOENT
225 verbose stack     at ChildProcess.<anonymous> (/usr/share/npm/lib/utils/spawn.js:17:16)
225 verbose stack     at emitTwo (events.js:87:13)
225 verbose stack     at ChildProcess.emit (events.js:172:7)
225 verbose stack     at maybeClose (internal/child_process.js:821:16)
225 verbose stack     at Process.ChildProcess._handle.onexit (internal/child_process.js:211:5)
226 verbose pkgid ngCart@1.0.0
227 verbose cwd /home/pradier/Bureau/shopping_application-master/shopping_app1/front
228 error Linux 4.10.0-38-generic
229 error argv "/usr/bin/nodejs" "/usr/bin/npm" "install" "ngCart" "--save"
230 error node v4.2.6
231 error npm  v3.5.2
232 error file sh
233 error code ELIFECYCLE
234 error errno ENOENT
235 error syscall spawn
236 error ngCart@1.0.0 postinstall: `bower install`
236 error spawn ENOENT
237 error Failed at the ngCart@1.0.0 postinstall script 'bower install'.
237 error Make sure you have the latest version of node.js and npm installed.
237 error If you do, this is most likely a problem with the ngCart package,
237 error not with npm itself.
237 error Tell the author that this fails on your system:
237 error     bower install
237 error You can get information on how to open an issue for this project with:
237 error     npm bugs ngCart
237 error Or if that isn't available, you can get their info via:
237 error     npm owner ls ngCart
237 error There is likely additional logging output above.
238 verbose exit [ 1, true ]
